<?xml version="1.0" encoding="UTF-8"?>
<!-- Generated by org.testng.reporters.JUnitReportReporter -->
<testsuite hostname="DESKTOP-FPPI0PB" failures="0" tests="4" name="com.ideal.test.AsumeAPI" time="10.472" errors="0" timestamp="2021-08-22T20:02:39 IST" skipped="0">
  <testcase classname="com.ideal.test.AsumeAPI" name="patronosAToken" time="2.127"/>
  <system-out/>
  <testcase classname="com.ideal.test.AsumeAPI" name="indToken" time="0.898"/>
  <system-out/>
  <testcase classname="com.ideal.test.AsumeAPI" name="patronosCert" time="5.547"/>
  <system-out/>
  <testcase classname="com.ideal.test.AsumeAPI" name="indCert" time="1.900"/>
  <system-out/>
</testsuite> <!-- com.ideal.test.AsumeAPI -->
