<?xml version="1.0" encoding="UTF-8"?>
<!-- Generated by org.testng.reporters.JUnitReportReporter -->
<testsuite hostname="DESKTOP-FPPI0PB" failures="0" tests="4" name="com.ideal.test.JusticiaAPI" time="10.227" errors="0" timestamp="2021-08-22T20:02:39 IST" skipped="0">
  <testcase classname="com.ideal.test.JusticiaAPI" name="validateApi" time="2.698"/>
  <system-out/>
  <testcase classname="com.ideal.test.JusticiaAPI" name="criminalRecordApi" time="2.445"/>
  <system-out/>
  <testcase classname="com.ideal.test.JusticiaAPI" name="capRequestApi" time="2.378"/>
  <system-out/>
  <testcase classname="com.ideal.test.JusticiaAPI" name="retrieveApi" time="2.706"/>
  <system-out/>
</testsuite> <!-- com.ideal.test.JusticiaAPI -->
