<?xml version="1.0" encoding="UTF-8"?>
<!-- Generated by org.testng.reporters.JUnitReportReporter -->
<testsuite hostname="DESKTOP-FPPI0PB" failures="0" tests="4" name="com.ideal.test.CrimAPI" time="6.383" errors="0" timestamp="2021-08-22T20:02:39 IST" skipped="0">
  <testcase classname="com.ideal.test.CrimAPI" name="crimCompliance" time="1.189"/>
  <system-out/>
  <testcase classname="com.ideal.test.CrimAPI" name="crimGenToken" time="1.992"/>
  <system-out/>
  <testcase classname="com.ideal.test.CrimAPI" name="crimCertificate" time="1.491"/>
  <system-out/>
  <testcase classname="com.ideal.test.CrimAPI" name="crimPing" time="1.711"/>
  <system-out/>
</testsuite> <!-- com.ideal.test.CrimAPI -->
