<?xml version="1.0" encoding="UTF-8"?>
<!-- Generated by org.testng.reporters.JUnitReportReporter -->
<testsuite hostname="DESKTOP-FPPI0PB" failures="0" tests="1" name="com.ideal.test.CompilanceAPI" time="1.235" errors="0" timestamp="2021-08-22T20:11:14 IST" skipped="0">
  <testcase classname="com.ideal.test.CompilanceAPI" name="CompilancePing" time="1.235"/>
  <system-out/>
</testsuite> <!-- com.ideal.test.CompilanceAPI -->
