<?xml version="1.0" encoding="UTF-8"?>
<!-- Generated by org.testng.reporters.JUnitReportReporter -->
<testsuite hostname="DESKTOP-FPPI0PB" failures="0" tests="6" name="com.ideal.test.ASGAPI" time="8.212" errors="0" timestamp="2021-08-22T20:02:39 IST" skipped="0">
  <testcase classname="com.ideal.test.ASGAPI" name="rulCertificate" time="1.401"/>
  <system-out/>
  <testcase classname="com.ideal.test.ASGAPI" name="rupCertificate" time="1.364"/>
  <system-out/>
  <testcase classname="com.ideal.test.ASGAPI" name="genToken" time="1.628"/>
  <system-out/>
  <testcase classname="com.ideal.test.ASGAPI" name="rulCompliance" time="1.374"/>
  <system-out/>
  <testcase classname="com.ideal.test.ASGAPI" name="rupCompliance" time="1.258"/>
  <system-out/>
  <testcase classname="com.ideal.test.ASGAPI" name="asgPing" time="1.187"/>
  <system-out/>
</testsuite> <!-- com.ideal.test.ASGAPI -->
