<?xml version="1.0" encoding="UTF-8"?>
<!-- Generated by org.testng.reporters.JUnitReportReporter -->
<testsuite hostname="DESKTOP-FPPI0PB" failures="0" tests="2" name="com.ideal.test.DtopAPI" time="4.467" errors="0" timestamp="2021-08-22T20:02:39 IST" skipped="0">
  <testcase classname="com.ideal.test.DtopAPI" name="GetLicence" time="2.657"/>
  <system-out/>
  <testcase classname="com.ideal.test.DtopAPI" name="GetPhoto" time="1.810"/>
  <system-out/>
</testsuite> <!-- com.ideal.test.DtopAPI -->
