<?xml version="1.0" encoding="UTF-8"?>
<!-- Generated by org.testng.reporters.JUnitReportReporter -->
<testsuite hostname="DESKTOP-FPPI0PB" failures="0" tests="1" name="com.ideal.test.Comp_AgencyAPI" time="5.280" errors="0" timestamp="2021-08-22T20:11:14 IST" skipped="0">
  <testcase classname="com.ideal.test.Comp_AgencyAPI" name="AgencySaveIdealApi" time="5.280"/>
  <system-out/>
</testsuite> <!-- com.ideal.test.Comp_AgencyAPI -->
