<?xml version="1.0" encoding="UTF-8"?>
<!-- Generated by org.testng.reporters.JUnitReportReporter -->
<testsuite hostname="DESKTOP-FPPI0PB" failures="0" tests="1" name="com.ideal.test.HaciendaAPI" time="4.335" errors="0" timestamp="2021-08-22T21:08:54 IST" skipped="0">
  <testcase classname="com.ideal.test.HaciendaAPI" name="haciendaComplianceIdealApiInvalidID" time="4.335"/>
  <system-out/>
</testsuite> <!-- com.ideal.test.HaciendaAPI -->
