<?xml version="1.0" encoding="UTF-8"?>
<!-- Generated by org.testng.reporters.JUnitReportReporter -->
<testsuite skipped="0" hostname="DESKTOP-FPPI0PB" name="com.ideal.test.Comp_AgencyAPI" tests="1" failures="0" timestamp="2021-08-22T21:21:58 IST" time="9.936" errors="0">
  <testcase name="AgencySaveIdealApi" time="9.936" classname="com.ideal.test.Comp_AgencyAPI"/>
  <system-out/>
</testsuite> <!-- com.ideal.test.Comp_AgencyAPI -->
